<?xml version="1.0" encoding="UTF-8"?>
<!-- Generated by org.testng.reporters.JUnitXMLReporter -->
<testsuite ignored="0" hostname="Dipali_Dell" failures="0" tests="3" name="Default test" time="50.988" errors="0" timestamp="2024-12-24T17:18:09 IST">
  <testcase classname="org.AnnotationsBasics.OrangeHRMTestAndMethod" name="testPIMCreation" time="7.839"/>
  <testcase classname="org.AnnotationsBasics.OrangeHRMTestAndMethod" name="testPIMUpdate" time="13.295"/>
  <testcase classname="org.AnnotationsBasics.OrangeHRMTestAndMethod" name="testPIMDelete" time="9.98"/>
</testsuite> <!-- Default test -->
