<?xml version="1.0" encoding="UTF-8"?>
<testng-results ignored="0" total="3" passed="3" failed="0" skipped="0">
  <reporter-output>
  </reporter-output>
  <suite started-at="2024-12-24T17:17:18 IST" name="Default suite" finished-at="2024-12-24T17:18:09 IST" duration-ms="50988">
    <groups>
    </groups>
    <test started-at="2024-12-24T17:17:18 IST" name="Default test" finished-at="2024-12-24T17:18:09 IST" duration-ms="50988">
      <class name="org.AnnotationsBasics.OrangeHRMTestAndMethod">
        <test-method is-config="true" signature="openBrowswer()[pri:0, instance:org.AnnotationsBasics.OrangeHRMTestAndMethod@23c30a20]" started-at="2024-12-24T17:17:18 IST" name="openBrowswer" finished-at="2024-12-24T17:17:27 IST" duration-ms="9332" status="PASS">
          <reporter-output>
          </reporter-output>
        </test-method> <!-- openBrowswer -->
        <test-method is-config="true" signature="login()[pri:0, instance:org.AnnotationsBasics.OrangeHRMTestAndMethod@23c30a20]" started-at="2024-12-24T17:17:27 IST" name="login" finished-at="2024-12-24T17:17:30 IST" duration-ms="2227" status="PASS">
          <reporter-output>
          </reporter-output>
        </test-method> <!-- login -->
        <test-method signature="testPIMCreation()[pri:1, instance:org.AnnotationsBasics.OrangeHRMTestAndMethod@23c30a20]" started-at="2024-12-24T17:17:30 IST" name="testPIMCreation" finished-at="2024-12-24T17:17:38 IST" duration-ms="7839" status="PASS">
          <reporter-output>
          </reporter-output>
        </test-method> <!-- testPIMCreation -->
        <test-method is-config="true" signature="logOut()[pri:0, instance:org.AnnotationsBasics.OrangeHRMTestAndMethod@23c30a20]" started-at="2024-12-24T17:17:38 IST" name="logOut" finished-at="2024-12-24T17:17:39 IST" duration-ms="1074" status="PASS">
          <reporter-output>
          </reporter-output>
        </test-method> <!-- logOut -->
        <test-method is-config="true" signature="login()[pri:0, instance:org.AnnotationsBasics.OrangeHRMTestAndMethod@23c30a20]" started-at="2024-12-24T17:17:39 IST" name="login" finished-at="2024-12-24T17:17:41 IST" duration-ms="1986" status="PASS">
          <reporter-output>
          </reporter-output>
        </test-method> <!-- login -->
        <test-method signature="testPIMUpdate()[pri:2, instance:org.AnnotationsBasics.OrangeHRMTestAndMethod@23c30a20]" started-at="2024-12-24T17:17:41 IST" name="testPIMUpdate" finished-at="2024-12-24T17:17:54 IST" duration-ms="13295" status="PASS">
          <reporter-output>
          </reporter-output>
        </test-method> <!-- testPIMUpdate -->
        <test-method is-config="true" signature="logOut()[pri:0, instance:org.AnnotationsBasics.OrangeHRMTestAndMethod@23c30a20]" started-at="2024-12-24T17:17:54 IST" name="logOut" finished-at="2024-12-24T17:17:55 IST" duration-ms="1079" status="PASS">
          <reporter-output>
          </reporter-output>
        </test-method> <!-- logOut -->
        <test-method is-config="true" signature="login()[pri:0, instance:org.AnnotationsBasics.OrangeHRMTestAndMethod@23c30a20]" started-at="2024-12-24T17:17:55 IST" name="login" finished-at="2024-12-24T17:17:57 IST" duration-ms="1781" status="PASS">
          <reporter-output>
          </reporter-output>
        </test-method> <!-- login -->
        <test-method signature="testPIMDelete()[pri:3, instance:org.AnnotationsBasics.OrangeHRMTestAndMethod@23c30a20]" started-at="2024-12-24T17:17:57 IST" name="testPIMDelete" finished-at="2024-12-24T17:18:07 IST" duration-ms="9980" status="PASS">
          <reporter-output>
          </reporter-output>
        </test-method> <!-- testPIMDelete -->
        <test-method is-config="true" signature="logOut()[pri:0, instance:org.AnnotationsBasics.OrangeHRMTestAndMethod@23c30a20]" started-at="2024-12-24T17:18:07 IST" name="logOut" finished-at="2024-12-24T17:18:09 IST" duration-ms="1757" status="PASS">
          <reporter-output>
          </reporter-output>
        </test-method> <!-- logOut -->
        <test-method is-config="true" signature="closeBrowser()[pri:0, instance:org.AnnotationsBasics.OrangeHRMTestAndMethod@23c30a20]" started-at="2024-12-24T17:18:09 IST" name="closeBrowser" finished-at="2024-12-24T17:18:09 IST" duration-ms="570" status="PASS">
          <reporter-output>
          </reporter-output>
        </test-method> <!-- closeBrowser -->
      </class> <!-- org.AnnotationsBasics.OrangeHRMTestAndMethod -->
    </test> <!-- Default test -->
  </suite> <!-- Default suite -->
</testng-results>
